hlcsg v2.5.3 rel (May  2 2001)
Based on Valve's version, modified with permission.
Submit detailed bug reports to (zoner@gearboxsoftware.com)
-----  BEGIN  hlcsg -----
Command line: C:\PROGRA~1\VALVEH~1\tools\hlcsg.exe "c:\documents and settings\zé nuno\ambiente de trabalho\gg_aim_ak-colt_2k7\aim_ak-colt"

-= Current hlcsg Settings =-
Name                 |  Setting  |  Default
---------------------|-----------|-------------------------
threads               [       1 ] [  Varies ]
verbose               [     off ] [     off ]
log                   [      on ] [      on ]
developer             [       0 ] [       0 ]
chart                 [     off ] [     off ]
estimate              [     off ] [     off ]
max texture memory    [ 4194304 ] [ 4194304 ]
priority              [  Normal ] [  Normal ]

noclip                [     off ] [     off ]
onlyents              [     off ] [     off ]
wadtextures           [      on ] [      on ]
skyclip               [      on ] [      on ]
hullfile              [    None ] [    None ]
min surface area      [   0.500 ] [   0.500 ]
brush union threshold [   0.000 ] [   0.000 ]

Wadinclude list :
[zhlt.wad]


entering c:\documents and settings\zé nuno\ambiente de trabalho\gg_aim_ak-colt_2k7\aim_ak-colt.map
CreateBrush:
 (0.11 seconds)
SetModelCenters:
 (0.00 seconds)
CSGBrush:
 (0.29 seconds)
Embedding textures from WAD File [\programas\valve hammer editor\tools\zhlt.wad] into BSP
Using WAD File: \programas\valve hammer editor\tools\zeditor.wad
Using WAD File: \documents and settings\zé nuno\os meus documentos\wads\cstrike.wad
Using WAD File: \documents and settings\zé nuno\os meus documentos\wads\halflife.wad
Using WAD File: \documents and settings\zé nuno\os meus documentos\wads\gfx.wad
Using WAD File: \documents and settings\zé nuno\os meus documentos\wads\cs_assault.wad
Using WAD File: \documents and settings\zé nuno\os meus documentos\wads\de_aztec.wad
Warning:  ::: Larger than expected texture (348972 bytes)  Wad:wad[\documents and settings\zé nuno\os meus documentos\wads\de_aztec.wad] Texture[3297:SPECIAL_THANKS]

Warning:  ::: Larger than expected texture (348972 bytes)  Wad:wad[\documents and settings\zé nuno\os meus documentos\wads\de_aztec.wad] Texture[3298:THANKS]

added 5 additional animating textures.
Texture usage is at 0.12 mb (of 4.00 mb MAX)
0.48 seconds elapsed

-----   END   hlcsg -----



hlbsp v2.5.3 rel (May  2 2001)
Based on Valve's version, modified with permission.
Submit detailed bug reports to (zoner@gearboxsoftware.com)
-----  BEGIN  hlbsp -----
Command line: C:\PROGRA~1\VALVEH~1\tools\hlbsp.exe "c:\documents and settings\zé nuno\ambiente de trabalho\gg_aim_ak-colt_2k7\aim_ak-colt"

-= Current hlbsp Settings =-
Name               |  Setting  |  Default
-------------------|-----------|-------------------------
threads             [       1 ] [  Varies ]
verbose             [     off ] [     off ]
log                 [      on ] [      on ]
developer           [       0 ] [       0 ]
chart               [     off ] [     off ]
estimate            [     off ] [     off ]
max texture memory  [ 4194304 ] [ 4194304 ]
priority            [  Normal ] [  Normal ]

noclip              [     off ] [     off ]
nofill              [     off ] [     off ]
notjunc             [     off ] [     off ]
subdivide size      [     240 ] [     240 ] (Min 64) (Max 240)
max node size       [    1024 ] [    1024 ] (Min 64) (Max 4096)


BSP generation successful, writing portal file 'c:\documents and settings\zé nuno\ambiente de trabalho\gg_aim_ak-colt_2k7\aim_ak-colt.prt'
0.56 seconds elapsed

-----   END   hlbsp -----



hlvis v2.5.3 rel (May  2 2001)
Based on Valve's version, modified with permission.
Submit detailed bug reports to (zoner@gearboxsoftware.com)
-----  BEGIN  hlvis -----
Command line: C:\PROGRA~1\VALVEH~1\tools\hlvis.exe "c:\documents and settings\zé nuno\ambiente de trabalho\gg_aim_ak-colt_2k7\aim_ak-colt"

-= Current hlvis Settings =-
Name               |  Setting  |  Default
-------------------|-----------|-------------------------
threads             [       1 ] [  Varies ]
verbose             [     off ] [     off ]
log                 [      on ] [      on ]
developer           [       0 ] [       0 ]
chart               [     off ] [     off ]
estimate            [     off ] [     off ]
max texture memory  [ 4194304 ] [ 4194304 ]
priority            [  Normal ] [  Normal ]

fast vis            [     off ] [     off ]
full vis            [     off ] [     off ]


 184 portalleafs
 450 numportals
BasePortalVis:
 (0.06 seconds)
LeafThread:
 (2.45 seconds)
average leafs visible: 64
g_visdatasize:4867  compressed from 4232
2.55 seconds elapsed

-----   END   hlvis -----



hlrad v2.5.3 rel (May  2 2001)
Based on Valve's version, modified with permission.
Submit detailed bug reports to (zoner@gearboxsoftware.com)
-----  BEGIN  hlrad -----
Command line: C:\PROGRA~1\VALVEH~1\tools\hlrad.exe "c:\documents and settings\zé nuno\ambiente de trabalho\gg_aim_ak-colt_2k7\aim_ak-colt"

-= Current hlrad Settings =-
Name                | Setting             | Default
--------------------|---------------------|-------------------------
threads              [                 1 ] [            Varies ]
verbose              [               off ] [               off ]
log                  [                on ] [                on ]
developer            [                 0 ] [                 0 ]
chart                [               off ] [               off ]
estimate             [               off ] [               off ]
max texture memory   [           4194304 ] [           4194304 ]
priority             [            Normal ] [            Normal ]

vismatrix algorithm  [          Original ] [          Original ]
oversampling (-extra)[               off ] [               off ]
bounces              [                 1 ] [                 1 ]
ambient light        [ 0.000 0.000 0.000 ] [ 0.000 0.000 0.000 ]
maximum light        [           256.000 ] [           256.000 ]
circus mode          [               off ] [               off ]

smoothing threshold  [            50.000 ] [            50.000 ]
direct threshold     [            25.000 ] [            25.000 ]
direct light scale   [             2.000 ] [             2.000 ]
coring threshold     [             1.000 ] [             1.000 ]
patch interpolation  [                on ] [                on ]

texscale             [                on ] [                on ]
patch subdividing    [                on ] [                on ]
chop value           [            64.000 ] [            64.000 ]
texchop value        [            32.000 ] [            32.000 ]

global fade          [             1.000 ] [             1.000 ]
global falloff       [                 2 ] [                 2 ]
global light scale   [             1.000 ] [             1.000 ]
global gamma amount  [             0.500 ] [             0.500 ]
global sky diffusion [             1.000 ] [             1.000 ]

opaque entities      [                on ] [                on ]
sky lighting fix     [                on ] [                on ]
incremental          [               off ] [               off ]
dump                 [               off ] [               off ]


[Reading texlights from 'C:\PROGRA~1\VALVEH~1\tools\lights.rad']
[1 texlights parsed from 'C:\PROGRA~1\VALVEH~1\tools\lights.rad']

1090 faces
Create Patches : 7082 base patches
0 opaque faces
106848 square feet [15386113.00 square inches]
1 direct lights

BuildFacelights:
 (9.71 seconds)
visibility matrix   :   3.0 megs
BuildVisLeafs:
 (6.04 seconds)
MakeScales:
 (6.59 seconds)
SwapTransfers:
 (3.52 seconds)
Transfer Lists : 5546588 transfers
       Indices : 1771936 bytes
          Data : 22186352 bytes
GatherLight:
 (0.60 seconds)
FinalLightFace:
 (1.87 seconds)
29.01 seconds elapsed

-----   END   hlrad -----



